14:30:45.967 INFO  Checking for slot... 
14:30:45.968 INFO  Accepting upload request for movie Ant-Man 
14:30:45.967 INFO  Accepting request... 
14:31:31.674 INFO  Shifting file to library folder: C:\Users\sghaisas\Downloads 
14:31:31.683 INFO  Successfully shifted to library folder. 
14:31:31.684 INFO  Waiting for movie "Ant-Man" in library 1 
14:31:31.684 INFO  Waiting for request slot... 
14:31:31.687 INFO  Received request slot. 
14:31:31.687 INFO  Getting metadata for library 1 
14:31:31.801 INFO  Movie not found. Making another call... 
14:31:36.801 INFO  Waiting for movie "Ant-Man" in library 1 
14:31:36.801 INFO  Waiting for request slot... 
14:31:36.802 INFO  Received request slot. 
14:31:36.802 INFO  Getting metadata for library 1 
14:31:36.843 INFO  Movie not found. Making another call... 
14:31:41.844 INFO  Waiting for movie "Ant-Man" in library 1 
14:31:41.844 INFO  Waiting for request slot... 
14:31:41.844 INFO  Received request slot. 
14:31:41.844 INFO  Getting metadata for library 1 
14:31:41.890 INFO  Movie not found. Making another call... 
14:31:46.888 INFO  Waiting for movie "Ant-Man" in library 1 
14:31:46.888 INFO  Waiting for request slot... 
14:31:46.892 INFO  Received request slot. 
14:31:46.892 INFO  Getting metadata for library 1 
14:31:46.958 INFO  Movie not found. Making another call... 
14:31:51.959 INFO  Waiting for movie "Ant-Man" in library 1 
14:31:51.959 INFO  Waiting for request slot... 
14:31:51.959 INFO  Received request slot. 
14:31:51.959 INFO  Getting metadata for library 1 
14:31:51.999 INFO  Movie not found. Making another call... 
14:31:56.999 INFO  Waiting for movie "Ant-Man" in library 1 
14:31:56.999 INFO  Waiting for request slot... 
14:31:57.000 INFO  Received request slot. 
14:31:57.000 INFO  Getting metadata for library 1 
14:31:57.058 INFO  Movie not found. Making another call... 
14:32:02.059 INFO  Waiting for movie "Ant-Man" in library 1 
14:32:02.059 INFO  Waiting for request slot... 
14:32:02.063 INFO  Received request slot. 
14:32:02.063 INFO  Getting metadata for library 1 
14:32:02.127 INFO  Movie not found. Making another call... 
14:32:07.127 INFO  Waiting for movie "Ant-Man" in library 1 
14:32:07.127 INFO  Waiting for request slot... 
14:32:07.130 INFO  Received request slot. 
14:32:07.130 INFO  Getting metadata for library 1 
14:32:07.201 INFO  Movie not found. Making another call... 
14:32:12.202 INFO  Waiting for movie "Ant-Man" in library 1 
14:32:12.202 INFO  Waiting for request slot... 
14:32:12.204 INFO  Received request slot. 
14:32:12.204 INFO  Getting metadata for library 1 
14:32:12.258 INFO  Movie not found. Making another call... 
14:32:17.259 INFO  Waiting for movie "Ant-Man" in library 1 
14:32:17.259 INFO  Waiting for request slot... 
14:32:17.260 INFO  Received request slot. 
14:32:17.260 INFO  Getting metadata for library 1 
14:32:17.316 INFO  Movie not found. Making another call... 
14:32:22.316 INFO  Waiting for movie "Ant-Man" in library 1 
14:32:22.316 INFO  Waiting for request slot... 
14:32:22.319 INFO  Received request slot. 
14:32:22.319 INFO  Getting metadata for library 1 
14:32:22.389 INFO  Movie not found. Making another call... 
14:32:27.389 INFO  Waiting for movie "Ant-Man" in library 1 
14:32:27.389 INFO  Waiting for request slot... 
14:32:27.390 INFO  Received request slot. 
14:32:27.391 INFO  Getting metadata for library 1 
14:32:27.461 INFO  Movie not found. Making another call... 
14:32:32.461 INFO  Waiting for movie "Ant-Man" in library 1 
14:32:32.461 INFO  Waiting for request slot... 
14:32:32.461 INFO  Received request slot. 
14:32:32.461 INFO  Getting metadata for library 1 
14:32:32.517 INFO  Movie not found. Making another call... 
14:32:37.519 INFO  Waiting for movie "Ant-Man" in library 1 
14:32:37.519 INFO  Waiting for request slot... 
14:32:37.523 INFO  Received request slot. 
14:32:37.523 INFO  Getting metadata for library 1 
14:32:37.591 INFO  Movie not found. Making another call... 
14:32:42.592 INFO  Waiting for movie "Ant-Man" in library 1 
14:32:42.592 INFO  Waiting for request slot... 
14:32:42.593 INFO  Received request slot. 
14:32:42.593 INFO  Getting metadata for library 1 
14:32:42.653 INFO  Found media. 
14:32:42.653 INFO  Info object is [object Object] 
14:32:42.653 INFO  Movie found in library. Ending wait. 
14:32:42.654 INFO  Releasing upload slot. 
14:37:41.747 INFO  Checking for slot... 
14:37:41.748 INFO  Accepting upload request for movie Ant-Man 
14:37:41.748 INFO  Accepting request... 
14:38:26.491 INFO  Shifting file to library folder: C:\Users\sghaisas\Downloads 
14:38:26.495 INFO  Successfully shifted to library folder. 
14:38:26.496 ERROR {} 
